<?xml version="1.0" encoding="UTF-8"?>
<!-- Generated by org.testng.reporters.JUnitXMLReporter -->
<testsuite ignored="0" hostname="Rawat-PC" failures="0" tests="10" name="Surefire test" time="0.615" errors="0" timestamp="2024-07-02T23:49:40 IST">
  <testcase classname="com.opencart.qa.testbase.TestBase" name="@BeforeClass setup" time="-1.719944379808E9">
    <failure type="org.testng.TestNGException" message="
Parameter &amp;apos;browser&amp;apos; is required by BeforeClass on method setup but has not been marked @Optional or defined
">
      <![CDATA[org.testng.TestNGException: 
Parameter 'browser' is required by BeforeClass on method setup but has not been marked @Optional or defined

at java.base/java.util.ArrayList.forEach(ArrayList.java:1511)
... Removed 27 stack frames]]>
    </failure>
  </testcase> <!-- @BeforeClass setup -->
  <testcase classname="com.opencart.qa.testbase.TestBase" name="@AfterClass tearDown" time="0.0">
    <skipped/>
  </testcase> <!-- @AfterClass tearDown -->
  <testcase classname="com.opencart.qa.testbase.TestBase" name="@BeforeClass setup" time="-1.719944380404E9">
    <failure type="org.testng.TestNGException" message="
Parameter &amp;apos;browser&amp;apos; is required by BeforeClass on method setup but has not been marked @Optional or defined
">
      <![CDATA[org.testng.TestNGException: 
Parameter 'browser' is required by BeforeClass on method setup but has not been marked @Optional or defined

at java.base/java.util.ArrayList.forEach(ArrayList.java:1511)
... Removed 27 stack frames]]>
    </failure>
  </testcase> <!-- @BeforeClass setup -->
  <testcase classname="com.opencart.qa.testcases.Test_Case_1_Register_User" name="@BeforeMethod initializeobject" time="0.0">
    <skipped/>
  </testcase> <!-- @BeforeMethod initializeobject -->
  <testcase classname="com.opencart.qa.testbase.TestBase" name="@AfterClass tearDown" time="0.0">
    <skipped/>
  </testcase> <!-- @AfterClass tearDown -->
  <testcase classname="com.opencart.qa.testbase.TestBase" name="@BeforeClass setup" time="-1.719944380406E9">
    <failure type="org.testng.TestNGException" message="
Parameter &amp;apos;browser&amp;apos; is required by BeforeClass on method setup but has not been marked @Optional or defined
">
      <![CDATA[org.testng.TestNGException: 
Parameter 'browser' is required by BeforeClass on method setup but has not been marked @Optional or defined

at java.base/java.util.ArrayList.forEach(ArrayList.java:1511)
... Removed 27 stack frames]]>
    </failure>
  </testcase> <!-- @BeforeClass setup -->
  <testcase classname="com.opencart.qa.testbase.TestBase" name="@AfterClass tearDown" time="0.0">
    <skipped/>
  </testcase> <!-- @AfterClass tearDown -->
  <testcase classname="com.opencart.qa.testbase.TestBase" name="@BeforeClass setup" time="-1.719944380408E9">
    <failure type="org.testng.TestNGException" message="
Parameter &amp;apos;browser&amp;apos; is required by BeforeClass on method setup but has not been marked @Optional or defined
">
      <![CDATA[org.testng.TestNGException: 
Parameter 'browser' is required by BeforeClass on method setup but has not been marked @Optional or defined

at java.base/java.util.ArrayList.forEach(ArrayList.java:1511)
... Removed 27 stack frames]]>
    </failure>
  </testcase> <!-- @BeforeClass setup -->
  <testcase classname="com.opencart.qa.testcases.Test_Case_4_Logout_User" name="@BeforeMethod initializeobject" time="0.0">
    <skipped/>
  </testcase> <!-- @BeforeMethod initializeobject -->
  <testcase classname="com.opencart.qa.testbase.TestBase" name="@AfterClass tearDown" time="0.0">
    <skipped/>
  </testcase> <!-- @AfterClass tearDown -->
  <testcase classname="com.opencart.qa.testbase.TestBase" name="@BeforeClass setup" time="-1.719944380409E9">
    <failure type="org.testng.TestNGException" message="
Parameter &amp;apos;browser&amp;apos; is required by BeforeClass on method setup but has not been marked @Optional or defined
">
      <![CDATA[org.testng.TestNGException: 
Parameter 'browser' is required by BeforeClass on method setup but has not been marked @Optional or defined

at java.base/java.util.ArrayList.forEach(ArrayList.java:1511)
... Removed 27 stack frames]]>
    </failure>
  </testcase> <!-- @BeforeClass setup -->
  <testcase classname="com.opencart.qa.testcases.Test_Case_5_Register_User_with_existing_email" name="@BeforeMethod initializeobject" time="0.0">
    <skipped/>
  </testcase> <!-- @BeforeMethod initializeobject -->
  <testcase classname="com.opencart.qa.testbase.TestBase" name="@AfterClass tearDown" time="0.0">
    <skipped/>
  </testcase> <!-- @AfterClass tearDown -->
  <testcase classname="com.opencart.qa.testcases.TestCase3_Login_User_with_incorrect_email_and_password" name="loginUser_with_incorrect_email_and_password" time="0.0">
    <skipped/>
  </testcase> <!-- loginUser_with_incorrect_email_and_password -->
  <testcase classname="com.opencart.qa.testcases.TestCase3_Login_User_with_incorrect_email_and_password" name="loginUser_with_incorrect_email_and_password" time="0.0">
    <skipped/>
  </testcase> <!-- loginUser_with_incorrect_email_and_password -->
  <testcase classname="com.opencart.qa.testcases.TestCase3_Login_User_with_incorrect_email_and_password" name="loginUser_with_incorrect_email_and_password" time="0.0">
    <skipped/>
  </testcase> <!-- loginUser_with_incorrect_email_and_password -->
  <testcase classname="com.opencart.qa.testcases.TestCase3_Login_User_with_incorrect_email_and_password" name="loginUser_with_incorrect_email_and_password" time="0.0">
    <skipped/>
  </testcase> <!-- loginUser_with_incorrect_email_and_password -->
  <testcase classname="com.opencart.qa.testcases.TestCase3_Login_User_with_incorrect_email_and_password" name="loginUser_with_incorrect_email_and_password" time="0.0">
    <skipped/>
  </testcase> <!-- loginUser_with_incorrect_email_and_password -->
  <testcase classname="com.opencart.qa.testcases.TestCase3_Login_User_with_incorrect_email_and_password" name="loginUser_with_incorrect_email_and_password" time="0.001">
    <skipped/>
  </testcase> <!-- loginUser_with_incorrect_email_and_password -->
  <testcase classname="com.opencart.qa.testcases.Test_Case_1_Register_User" name="verifyRegisterUser" time="0.0">
    <skipped/>
  </testcase> <!-- verifyRegisterUser -->
  <testcase classname="com.opencart.qa.testcases.Test_Case_2_Login_User_with_correct_email_and_password" name="LoginUserWithCorrectEmailAndPassword" time="0.0">
    <skipped/>
  </testcase> <!-- LoginUserWithCorrectEmailAndPassword -->
  <testcase classname="com.opencart.qa.testcases.Test_Case_4_Logout_User" name="verifyLogoutUser" time="0.0">
    <skipped/>
  </testcase> <!-- verifyLogoutUser -->
  <testcase classname="com.opencart.qa.testcases.Test_Case_5_Register_User_with_existing_email" name="registerUserwithexistingemailTest" time="0.0">
    <skipped/>
  </testcase> <!-- registerUserwithexistingemailTest -->
</testsuite> <!-- Surefire test -->
