<?xml version="1.0" encoding="UTF-8"?>
<!-- Generated by org.testng.reporters.JUnitXMLReporter -->
<testsuite ignored="0" hostname="Rawat-PC" failures="1" tests="7" name="Test" time="57.416" errors="0" timestamp="2024-07-05T19:38:04 IST">
  <testcase classname="com.opencart.qa.testcases.Test_Case_1_Register_User" name="verifyRegisterUser" time="9.24"/>
  <testcase classname="com.opencart.qa.testcases.Test_Case_2_Login_User_with_correct_email_and_password" name="LoginUserWithCorrectEmailAndPassword" time="4.035"/>
  <testcase classname="com.opencart.qa.testcases.Test_Case_4_Logout_User" name="verifyLogoutUser" time="4.192"/>
  <testcase classname="com.opencart.qa.testcases.Test_Case_5_Register_User_with_existing_email" name="registerUserwithexistingemailTest" time="3.419"/>
  <testcase classname="com.opencart.qa.testcases.Test_Case_6_Contact_Us_Form" name="contactUsForm" time="2.74"/>
  <testcase classname="com.opencart.qa.testcases.Test_Case_7_Verify_Test_Cases_Page" name="verifyTestCasesPage" time="1.126"/>
  <testcase classname="com.opencart.qa.testcases.Test_Case_8_Verify_All_Products_and_product_detail_page" name="VerifyAllProductsAndProductDetailPage" time="4.863">
    <failure type="java.lang.AssertionError" message="expected [ALL PRODUCTS] but found [FEATURES ITEMS]">
      <![CDATA[java.lang.AssertionError: expected [ALL PRODUCTS] but found [FEATURES ITEMS]
at com.opencart.qa.testcases.Test_Case_8_Verify_All_Products_and_product_detail_page.VerifyAllProductsAndProductDetailPage(Test_Case_8_Verify_All_Products_and_product_detail_page.java:35)
at java.base/java.util.ArrayList.forEach(ArrayList.java:1511)
... Removed 33 stack frames]]>
    </failure>
  </testcase> <!-- VerifyAllProductsAndProductDetailPage -->
</testsuite> <!-- Test -->
